This is pdfTeX, Version 3.141592653-2.6-1.40.23 (TeX Live 2021) (preloaded format=pdflatex 2022.3.11)  15 AUG 2023 09:05
entering extended mode
 restricted \write18 enabled.
 %&-line parsing enabled.
**6_timeline.tex
(./6_timeline.tex
LaTeX2e <2021-11-15> patch level 1
L3 programming layer <2022-02-24>
! Undefined control sequence.
l.1 \chapter
            {Timeline of Programs}
? 
! Emergency stop.
l.1 \chapter
            {Timeline of Programs}
End of file on the terminal!

 
Here is how much of TeX's memory you used:
 16 strings out of 480236
 395 string characters out of 5895451
 284337 words of memory out of 5000000
 18071 multiletter control sequences out of 15000+600000
 469259 words of font info for 28 fonts, out of 8000000 for 9000
 14 hyphenation exceptions out of 8191
 13i,0n,12p,76b,10s stack positions out of 5000i,500n,10000p,200000b,80000s
!  ==> Fatal error occurred, no output PDF file produced!
